Using pre-set license
Built from '2021.1/staging' branch; Version is '2021.1.22f1 (a137e5fb0427) revision 10565605'; Using compiler version '192528614'; Build Type 'Release'
OS: 'Windows 10 Home; OS build 19043.1466; Version 2009; 64bit' Language: 'en' Physical Memory: 6090 MB
BatchMode: 1, IsHumanControllingUs: 0, StartBugReporterOnCrash: 0, Is64bit: 1, IsPro: 0

COMMAND LINE ARGUMENTS:
C:\Program Files\Unity\Hub\Editor\2021.1.22f1\Editor\Unity.exe
-adb2
-batchMode
-noUpm
-name
AssetImportWorker0
-projectPath
E:/Georg HDD Backup/Level 6/6.2/Semester 1/Programming for Computer Graphics/Assignment/PCG_Assignment
-logFile
Logs/AssetImportWorker0.log
-srvPort
50122
Successfully changed project path to: E:/Georg HDD Backup/Level 6/6.2/Semester 1/Programming for Computer Graphics/Assignment/PCG_Assignment
E:/Georg HDD Backup/Level 6/6.2/Semester 1/Programming for Computer Graphics/Assignment/PCG_Assignment
Using Asset Import Pipeline V2.
Refreshing native plugins compatible for Editor in 104.27 ms, found 3 plugins.
Preloading 0 native plugins for Editor in 0.00 ms.
Initialize engine version: 2021.1.22f1 (a137e5fb0427)
[Subsystems] Discovering subsystems at path C:/Program Files/Unity/Hub/Editor/2021.1.22f1/Editor/Data/Resources/UnitySubsystems
[Subsystems] Discovering subsystems at path E:/Georg HDD Backup/Level 6/6.2/Semester 1/Programming for Computer Graphics/Assignment/PCG_Assignment/Assets
GfxDevice: creating device client; threaded=0; jobified=0
Direct3D:
    Version:  Direct3D 11.0 [level 11.1]
    Renderer: AMD Radeon(TM) Vega 8 Graphics (ID=0x15d8)
    Vendor:   ATI
    VRAM:     3045 MB
    Driver:   27.20.21034.37
Initialize mono
Mono path[0] = 'C:/Program Files/Unity/Hub/Editor/2021.1.22f1/Editor/Data/Managed'
Mono path[1] = 'C:/Program Files/Unity/Hub/Editor/2021.1.22f1/Editor/Data/MonoBleedingEdge/lib/mono/unityjit'
Mono config path = 'C:/Program Files/Unity/Hub/Editor/2021.1.22f1/Editor/Data/MonoBleedingEdge/etc'
Using monoOptions --debugger-agent=transport=dt_socket,embedding=1,server=y,suspend=n,address=127.0.0.1:56992
Begin MonoManager ReloadAssembly
Registering precompiled unity dll's ...
Register platform support module: C:/Program Files/Unity/Hub/Editor/2021.1.22f1/Editor/Data/PlaybackEngines/MacStandaloneSupport/UnityEditor.OSXStandalone.Extensions.dll
Register platform support module: C:/Program Files/Unity/Hub/Editor/2021.1.22f1/Editor/Data/PlaybackEngines/WindowsStandaloneSupport/UnityEditor.WindowsStandalone.Extensions.dll
Registered in 0.002772 seconds.
Native extension for WindowsStandalone target not found
Native extension for OSXStandalone target not found
Refreshing native plugins compatible for Editor in 100.55 ms, found 3 plugins.
Preloading 0 native plugins for Editor in 0.00 ms.
Mono: successfully reloaded assembly
- Completed reload, in  1.804 seconds
Domain Reload Profiling:
	ReloadAssembly (1805ms)
		BeginReloadAssembly (103ms)
			ExecutionOrderSort (0ms)
			DisableScriptedObjects (0ms)
			BackupInstance (0ms)
			ReleaseScriptingObjects (0ms)
			CreateAndSetChildDomain (1ms)
		EndReloadAssembly (640ms)
			LoadAssemblies (101ms)
			RebuildTransferFunctionScriptingTraits (0ms)
			SetupTypeCache (223ms)
			ReleaseScriptCaches (0ms)
			RebuildScriptCaches (38ms)
			SetupLoadedEditorAssemblies (316ms)
				LogAssemblyErrors (0ms)
				InitializePlatformSupportModulesInManaged (9ms)
				SetLoadedEditorAssemblies (0ms)
				RefreshPlugins (101ms)
				BeforeProcessingInitializeOnLoad (2ms)
				ProcessInitializeOnLoadAttributes (158ms)
				ProcessInitializeOnLoadMethodAttributes (45ms)
				AfterProcessingInitializeOnLoad (0ms)
				EditorAssembliesLoaded (0ms)
			ExecutionOrderSort2 (0ms)
			AwakeInstancesAfterBackupRestoration (0ms)
Platform modules already initialized, skipping
Registering precompiled user dll's ...
Registered in 0.005891 seconds.
Begin MonoManager ReloadAssembly
Symbol file LoadedFromMemory doesn't match image E:\Georg HDD Backup\Level 6\6.2\Semester 1\Programming for Computer Graphics\Assignment\PCG_Assignment\Library\PackageCache\com.unity.visualscripting@1.6.1\Editor\VisualScripting.Core\Dependencies\YamlDotNet\Unity.VisualScripting.YamlDotNet.dll
Symbol file LoadedFromMemory doesn't match image E:\Georg HDD Backup\Level 6\6.2\Semester 1\Programming for Computer Graphics\Assignment\PCG_Assignment\Library\PackageCache\com.unity.visualscripting@1.6.1\Editor\VisualScripting.Core\Dependencies\DotNetZip\Unity.VisualScripting.IonicZip.dll
Native extension for WindowsStandalone target not found
Native extension for OSXStandalone target not found
Refreshing native plugins compatible for Editor in 1.04 ms, found 3 plugins.
Preloading 0 native plugins for Editor in 0.00 ms.
Mono: successfully reloaded assembly
- Completed reload, in  1.726 seconds
Domain Reload Profiling:
	ReloadAssembly (1727ms)
		BeginReloadAssembly (237ms)
			ExecutionOrderSort (0ms)
			DisableScriptedObjects (6ms)
			BackupInstance (0ms)
			ReleaseScriptingObjects (0ms)
			CreateAndSetChildDomain (31ms)
		EndReloadAssembly (1402ms)
			LoadAssemblies (143ms)
			RebuildTransferFunctionScriptingTraits (0ms)
			SetupTypeCache (531ms)
			ReleaseScriptCaches (1ms)
			RebuildScriptCaches (74ms)
			SetupLoadedEditorAssemblies (508ms)
				LogAssemblyErrors (0ms)
				InitializePlatformSupportModulesInManaged (10ms)
				SetLoadedEditorAssemblies (1ms)
				RefreshPlugins (1ms)
				BeforeProcessingInitializeOnLoad (98ms)
				ProcessInitializeOnLoadAttributes (383ms)
				ProcessInitializeOnLoadMethodAttributes (7ms)
				AfterProcessingInitializeOnLoad (8ms)
				EditorAssembliesLoaded (0ms)
			ExecutionOrderSort2 (0ms)
			AwakeInstancesAfterBackupRestoration (10ms)
Platform modules already initialized, skipping
========================================================================
Worker process is ready to serve import requests
Launched and connected shader compiler UnityShaderCompiler.exe after 0.13 seconds
Refreshing native plugins compatible for Editor in 0.86 ms, found 3 plugins.
Preloading 0 native plugins for Editor in 0.00 ms.
Unloading 3002 Unused Serialized files (Serialized files now loaded: 0)
System memory in use before: 131.3 MB.
System memory in use after: 131.5 MB.

Unloading 20 unused Assets to reduce memory usage. Loaded Objects now: 3485.
Total: 6.187800 ms (FindLiveObjects: 0.484200 ms CreateObjectMapping: 0.194200 ms MarkObjects: 5.258300 ms  DeleteObjects: 0.248700 ms)

AssetImportParameters requested are different than current active one (requested -> active):
  custom:framework-win-MediaFoundation: 216162199b28c13a410421893ffa2e32 -> 
  custom:video-decoder-ogg-theora: a1e56fd34408186e4bbccfd4996cb3dc -> 
  custom:container-muxer-webm: aa71ff27fc2769a1b78a27578f13a17b -> 
  custom:container-demuxer-webm: 4f35f7cbe854078d1ac9338744f61a02 -> 
  custom:container-demuxer-ogg: 62fdf1f143b41e24485cea50d1cbac27 -> 
  custom:video-encoder-webm-vp8: eb34c28f22e8b96e1ab97ce403110664 -> 
  custom:video-decoder-webm-vp8: 9c59270c3fd7afecdb556c50c9e8de78 -> 
  custom:audio-decoder-ogg-vorbis: bf7c407c2cedff20999df2af8eb42d56 -> 
  custom:audio-encoder-webm-vorbis: bf7c407c2cedff20999df2af8eb42d56 -> 
========================================================================
Received Import Request.
  path: Assets/Scenes/Task2-Terrain.unity
  artifactKey: Guid(a73d63cbc2bc0194f800fb64ac64d633) Importer(815301076,1909f56bfc062723c751e8b465ee728b)
Start importing Assets/Scenes/Task2-Terrain.unity using Guid(a73d63cbc2bc0194f800fb64ac64d633) Importer(815301076,1909f56bfc062723c751e8b465ee728b)  -> (artifact id: 'a712b00736751c97c28378273c6c9a3a') in 0.075883 seconds 
========================================================================
Received Prepare
Registering precompiled user dll's ...
Registered in 0.008225 seconds.
Begin MonoManager ReloadAssembly
Symbol file LoadedFromMemory doesn't match image E:\Georg HDD Backup\Level 6\6.2\Semester 1\Programming for Computer Graphics\Assignment\PCG_Assignment\Library\PackageCache\com.unity.visualscripting@1.6.1\Editor\VisualScripting.Core\Dependencies\YamlDotNet\Unity.VisualScripting.YamlDotNet.dll
Symbol file LoadedFromMemory doesn't match image E:\Georg HDD Backup\Level 6\6.2\Semester 1\Programming for Computer Graphics\Assignment\PCG_Assignment\Library\PackageCache\com.unity.visualscripting@1.6.1\Editor\VisualScripting.Core\Dependencies\DotNetZip\Unity.VisualScripting.IonicZip.dll
Native extension for WindowsStandalone target not found
Native extension for OSXStandalone target not found
Refreshing native plugins compatible for Editor in 1.50 ms, found 3 plugins.
Preloading 0 native plugins for Editor in 0.00 ms.
Mono: successfully reloaded assembly
- Completed reload, in  4.456 seconds
Domain Reload Profiling:
	ReloadAssembly (4457ms)
		BeginReloadAssembly (348ms)
			ExecutionOrderSort (0ms)
			DisableScriptedObjects (7ms)
			BackupInstance (0ms)
			ReleaseScriptingObjects (1ms)
			CreateAndSetChildDomain (67ms)
		EndReloadAssembly (4007ms)
			LoadAssemblies (2880ms)
			RebuildTransferFunctionScriptingTraits (1ms)
			SetupTypeCache (489ms)
			ReleaseScriptCaches (1ms)
			RebuildScriptCaches (74ms)
			SetupLoadedEditorAssemblies (474ms)
				LogAssemblyErrors (0ms)
				InitializePlatformSupportModulesInManaged (12ms)
				SetLoadedEditorAssemblies (1ms)
				RefreshPlugins (2ms)
				BeforeProcessingInitializeOnLoad (82ms)
				ProcessInitializeOnLoadAttributes (360ms)
				ProcessInitializeOnLoadMethodAttributes (9ms)
				AfterProcessingInitializeOnLoad (8ms)
				EditorAssembliesLoaded (0ms)
			ExecutionOrderSort2 (0ms)
			AwakeInstancesAfterBackupRestoration (10ms)
Platform modules already initialized, skipping
Refreshing native plugins compatible for Editor in 1.23 ms, found 3 plugins.
Preloading 0 native plugins for Editor in 0.00 ms.
Unloading 2989 Unused Serialized files (Serialized files now loaded: 0)
System memory in use before: 130.5 MB.
System memory in use after: 130.7 MB.

Unloading 15 unused Assets to reduce memory usage. Loaded Objects now: 3487.
Total: 6.646800 ms (FindLiveObjects: 0.506000 ms CreateObjectMapping: 0.214000 ms MarkObjects: 5.877400 ms  DeleteObjects: 0.046600 ms)

AssetImportParameters requested are different than current active one (requested -> active):
  custom:framework-win-MediaFoundation: 216162199b28c13a410421893ffa2e32 -> 
  custom:video-decoder-ogg-theora: a1e56fd34408186e4bbccfd4996cb3dc -> 
  custom:container-muxer-webm: aa71ff27fc2769a1b78a27578f13a17b -> 
  custom:container-demuxer-webm: 4f35f7cbe854078d1ac9338744f61a02 -> 
  custom:container-demuxer-ogg: 62fdf1f143b41e24485cea50d1cbac27 -> 
  custom:video-encoder-webm-vp8: eb34c28f22e8b96e1ab97ce403110664 -> 
  custom:video-decoder-webm-vp8: 9c59270c3fd7afecdb556c50c9e8de78 -> 
  custom:audio-decoder-ogg-vorbis: bf7c407c2cedff20999df2af8eb42d56 -> 
  custom:audio-encoder-webm-vorbis: bf7c407c2cedff20999df2af8eb42d56 -> 
========================================================================
Received Import Request.
  Time since last request: 1394.947582 seconds.
  path: Assets/Prefabs/Clouds.prefab
  artifactKey: Guid(37046447b31ab544982e7229e9116148) Importer(815301076,1909f56bfc062723c751e8b465ee728b)
Start importing Assets/Prefabs/Clouds.prefab using Guid(37046447b31ab544982e7229e9116148) Importer(815301076,1909f56bfc062723c751e8b465ee728b)  -> (artifact id: 'f8930fde6d6f941c24281fb84c62d606') in 0.403620 seconds 
========================================================================
Received Import Request.
  Time since last request: 10.211606 seconds.
  path: Assets/Prefabs/Clouds.prefab
  artifactKey: Guid(37046447b31ab544982e7229e9116148) Importer(815301076,1909f56bfc062723c751e8b465ee728b)
Start importing Assets/Prefabs/Clouds.prefab using Guid(37046447b31ab544982e7229e9116148) Importer(815301076,1909f56bfc062723c751e8b465ee728b)  -> (artifact id: '89626094901b09443a8aa8f15986a94d') in 0.103421 seconds 
========================================================================
Received Import Request.
  Time since last request: 7.857998 seconds.
  path: Assets/Prefabs/Clouds.prefab
  artifactKey: Guid(37046447b31ab544982e7229e9116148) Importer(815301076,1909f56bfc062723c751e8b465ee728b)
Start importing Assets/Prefabs/Clouds.prefab using Guid(37046447b31ab544982e7229e9116148) Importer(815301076,1909f56bfc062723c751e8b465ee728b)  -> (artifact id: '42ffc5ccf7df04d4463d56ade109fd0a') in 0.109179 seconds 
========================================================================
Received Import Request.
  Time since last request: 17.005766 seconds.
  path: Assets/Prefabs/Clouds.prefab
  artifactKey: Guid(37046447b31ab544982e7229e9116148) Importer(815301076,1909f56bfc062723c751e8b465ee728b)
Start importing Assets/Prefabs/Clouds.prefab using Guid(37046447b31ab544982e7229e9116148) Importer(815301076,1909f56bfc062723c751e8b465ee728b)  -> (artifact id: '8e54255db779443004d2b7c3f3f6bbf9') in 0.107911 seconds 
========================================================================
Received Import Request.
  Time since last request: 5.255225 seconds.
  path: Assets/Prefabs/Clouds.prefab
  artifactKey: Guid(37046447b31ab544982e7229e9116148) Importer(815301076,1909f56bfc062723c751e8b465ee728b)
Start importing Assets/Prefabs/Clouds.prefab using Guid(37046447b31ab544982e7229e9116148) Importer(815301076,1909f56bfc062723c751e8b465ee728b)  -> (artifact id: '77a569154b9740fc6b9a1f9a2ed8746d') in 0.101878 seconds 
========================================================================
Received Import Request.
  Time since last request: 11.218770 seconds.
  path: Assets/Prefabs/Clouds.prefab
  artifactKey: Guid(37046447b31ab544982e7229e9116148) Importer(815301076,1909f56bfc062723c751e8b465ee728b)
Start importing Assets/Prefabs/Clouds.prefab using Guid(37046447b31ab544982e7229e9116148) Importer(815301076,1909f56bfc062723c751e8b465ee728b)  -> (artifact id: 'c35dc6558a0c6eb2c440eafb8067c143') in 0.094826 seconds 
========================================================================
Received Prepare
Registering precompiled user dll's ...
Registered in 0.015053 seconds.
Begin MonoManager ReloadAssembly
Symbol file LoadedFromMemory doesn't match image E:\Georg HDD Backup\Level 6\6.2\Semester 1\Programming for Computer Graphics\Assignment\PCG_Assignment\Library\PackageCache\com.unity.visualscripting@1.6.1\Editor\VisualScripting.Core\Dependencies\YamlDotNet\Unity.VisualScripting.YamlDotNet.dll
Symbol file LoadedFromMemory doesn't match image E:\Georg HDD Backup\Level 6\6.2\Semester 1\Programming for Computer Graphics\Assignment\PCG_Assignment\Library\PackageCache\com.unity.visualscripting@1.6.1\Editor\VisualScripting.Core\Dependencies\DotNetZip\Unity.VisualScripting.IonicZip.dll
Native extension for WindowsStandalone target not found
Native extension for OSXStandalone target not found
Refreshing native plugins compatible for Editor in 0.98 ms, found 3 plugins.
Preloading 0 native plugins for Editor in 0.00 ms.
Mono: successfully reloaded assembly
- Completed reload, in  1.908 seconds
Domain Reload Profiling:
	ReloadAssembly (1909ms)
		BeginReloadAssembly (237ms)
			ExecutionOrderSort (0ms)
			DisableScriptedObjects (10ms)
			BackupInstance (0ms)
			ReleaseScriptingObjects (0ms)
			CreateAndSetChildDomain (86ms)
		EndReloadAssembly (1552ms)
			LoadAssemblies (174ms)
			RebuildTransferFunctionScriptingTraits (0ms)
			SetupTypeCache (580ms)
			ReleaseScriptCaches (2ms)
			RebuildScriptCaches (73ms)
			SetupLoadedEditorAssemblies (581ms)
				LogAssemblyErrors (0ms)
				InitializePlatformSupportModulesInManaged (93ms)
				SetLoadedEditorAssemblies (1ms)
				RefreshPlugins (1ms)
				BeforeProcessingInitializeOnLoad (88ms)
				ProcessInitializeOnLoadAttributes (381ms)
				ProcessInitializeOnLoadMethodAttributes (8ms)
				AfterProcessingInitializeOnLoad (9ms)
				EditorAssembliesLoaded (0ms)
			ExecutionOrderSort2 (0ms)
			AwakeInstancesAfterBackupRestoration (16ms)
Platform modules already initialized, skipping
Refreshing native plugins compatible for Editor in 1.27 ms, found 3 plugins.
Preloading 0 native plugins for Editor in 0.00 ms.
Unloading 2989 Unused Serialized files (Serialized files now loaded: 0)
System memory in use before: 134.2 MB.
System memory in use after: 134.4 MB.

Unloading 17 unused Assets to reduce memory usage. Loaded Objects now: 3496.
Total: 5.541000 ms (FindLiveObjects: 0.386600 ms CreateObjectMapping: 0.144300 ms MarkObjects: 4.944400 ms  DeleteObjects: 0.063700 ms)

AssetImportParameters requested are different than current active one (requested -> active):
  custom:framework-win-MediaFoundation: 216162199b28c13a410421893ffa2e32 -> 
  custom:video-decoder-ogg-theora: a1e56fd34408186e4bbccfd4996cb3dc -> 
  custom:container-muxer-webm: aa71ff27fc2769a1b78a27578f13a17b -> 
  custom:container-demuxer-webm: 4f35f7cbe854078d1ac9338744f61a02 -> 
  custom:container-demuxer-ogg: 62fdf1f143b41e24485cea50d1cbac27 -> 
  custom:video-encoder-webm-vp8: eb34c28f22e8b96e1ab97ce403110664 -> 
  custom:video-decoder-webm-vp8: 9c59270c3fd7afecdb556c50c9e8de78 -> 
  custom:audio-decoder-ogg-vorbis: bf7c407c2cedff20999df2af8eb42d56 -> 
  custom:audio-encoder-webm-vorbis: bf7c407c2cedff20999df2af8eb42d56 -> 
========================================================================
Received Import Request.
  Time since last request: 122.649547 seconds.
  path: Assets/Prefabs/Clouds.prefab
  artifactKey: Guid(37046447b31ab544982e7229e9116148) Importer(815301076,1909f56bfc062723c751e8b465ee728b)
Start importing Assets/Prefabs/Clouds.prefab using Guid(37046447b31ab544982e7229e9116148) Importer(815301076,1909f56bfc062723c751e8b465ee728b)  -> (artifact id: '542e9e887ee216b13aba72cb55f82ef6') in 0.243879 seconds 
========================================================================
Received Import Request.
  Time since last request: 1.325684 seconds.
  path: Assets/Prefabs/Clouds.prefab
  artifactKey: Guid(37046447b31ab544982e7229e9116148) Importer(815301076,1909f56bfc062723c751e8b465ee728b)
Start importing Assets/Prefabs/Clouds.prefab using Guid(37046447b31ab544982e7229e9116148) Importer(815301076,1909f56bfc062723c751e8b465ee728b)  -> (artifact id: '628e0699768b55171d8eb27c01fe55f7') in 0.127720 seconds 
========================================================================
Received Import Request.
  Time since last request: 2.852318 seconds.
  path: Assets/Prefabs/Clouds.prefab
  artifactKey: Guid(37046447b31ab544982e7229e9116148) Importer(815301076,1909f56bfc062723c751e8b465ee728b)
Start importing Assets/Prefabs/Clouds.prefab using Guid(37046447b31ab544982e7229e9116148) Importer(815301076,1909f56bfc062723c751e8b465ee728b)  -> (artifact id: 'e36eb525a0fe18a73673e2fc82ecb4e2') in 0.468863 seconds 
========================================================================
Received Import Request.
  Time since last request: 14.829657 seconds.
  path: Assets/Prefabs/Clouds.prefab
  artifactKey: Guid(37046447b31ab544982e7229e9116148) Importer(815301076,1909f56bfc062723c751e8b465ee728b)
Start importing Assets/Prefabs/Clouds.prefab using Guid(37046447b31ab544982e7229e9116148) Importer(815301076,1909f56bfc062723c751e8b465ee728b)  -> (artifact id: 'fa9b334c1c0b3bb400f8c79632307a39') in 0.109952 seconds 
========================================================================
Received Import Request.
  Time since last request: 5.642427 seconds.
  path: Assets/Prefabs/Clouds.prefab
  artifactKey: Guid(37046447b31ab544982e7229e9116148) Importer(815301076,1909f56bfc062723c751e8b465ee728b)
Start importing Assets/Prefabs/Clouds.prefab using Guid(37046447b31ab544982e7229e9116148) Importer(815301076,1909f56bfc062723c751e8b465ee728b)  -> (artifact id: '6ebdbaebcda21939fd07c27218ec53c3') in 0.260557 seconds 
========================================================================
Received Import Request.
  Time since last request: 45.372310 seconds.
  path: Assets/Prefabs/Clouds.prefab
  artifactKey: Guid(37046447b31ab544982e7229e9116148) Importer(815301076,1909f56bfc062723c751e8b465ee728b)
Start importing Assets/Prefabs/Clouds.prefab using Guid(37046447b31ab544982e7229e9116148) Importer(815301076,1909f56bfc062723c751e8b465ee728b)  -> (artifact id: '5914fdace4fcb65506d728bdbf37bac6') in 0.122569 seconds 
========================================================================
Received Prepare
Registering precompiled user dll's ...
Registered in 0.009193 seconds.
Begin MonoManager ReloadAssembly
Symbol file LoadedFromMemory doesn't match image E:\Georg HDD Backup\Level 6\6.2\Semester 1\Programming for Computer Graphics\Assignment\PCG_Assignment\Library\PackageCache\com.unity.visualscripting@1.6.1\Editor\VisualScripting.Core\Dependencies\YamlDotNet\Unity.VisualScripting.YamlDotNet.dll
Symbol file LoadedFromMemory doesn't match image E:\Georg HDD Backup\Level 6\6.2\Semester 1\Programming for Computer Graphics\Assignment\PCG_Assignment\Library\PackageCache\com.unity.visualscripting@1.6.1\Editor\VisualScripting.Core\Dependencies\DotNetZip\Unity.VisualScripting.IonicZip.dll
Native extension for WindowsStandalone target not found
Native extension for OSXStandalone target not found
Refreshing native plugins compatible for Editor in 1.73 ms, found 3 plugins.
Preloading 0 native plugins for Editor in 0.00 ms.
Mono: successfully reloaded assembly
- Completed reload, in  2.542 seconds
Domain Reload Profiling:
	ReloadAssembly (2543ms)
		BeginReloadAssembly (303ms)
			ExecutionOrderSort (0ms)
			DisableScriptedObjects (11ms)
			BackupInstance (0ms)
			ReleaseScriptingObjects (0ms)
			CreateAndSetChildDomain (82ms)
		EndReloadAssembly (2091ms)
			LoadAssemblies (256ms)
			RebuildTransferFunctionScriptingTraits (0ms)
			SetupTypeCache (807ms)
			ReleaseScriptCaches (2ms)
			RebuildScriptCaches (86ms)
			SetupLoadedEditorAssemblies (757ms)
				LogAssemblyErrors (0ms)
				InitializePlatformSupportModulesInManaged (15ms)
				SetLoadedEditorAssemblies (1ms)
				RefreshPlugins (2ms)
				BeforeProcessingInitializeOnLoad (118ms)
				ProcessInitializeOnLoadAttributes (595ms)
				ProcessInitializeOnLoadMethodAttributes (11ms)
				AfterProcessingInitializeOnLoad (14ms)
				EditorAssembliesLoaded (1ms)
			ExecutionOrderSort2 (0ms)
			AwakeInstancesAfterBackupRestoration (19ms)
Platform modules already initialized, skipping
Refreshing native plugins compatible for Editor in 1.08 ms, found 3 plugins.
Preloading 0 native plugins for Editor in 0.00 ms.
Unloading 2989 Unused Serialized files (Serialized files now loaded: 0)
System memory in use before: 134.3 MB.
System memory in use after: 134.5 MB.

Unloading 17 unused Assets to reduce memory usage. Loaded Objects now: 3499.
Total: 7.139600 ms (FindLiveObjects: 0.438000 ms CreateObjectMapping: 0.170400 ms MarkObjects: 6.432900 ms  DeleteObjects: 0.095700 ms)

AssetImportParameters requested are different than current active one (requested -> active):
  custom:framework-win-MediaFoundation: 216162199b28c13a410421893ffa2e32 -> 
  custom:video-decoder-ogg-theora: a1e56fd34408186e4bbccfd4996cb3dc -> 
  custom:container-muxer-webm: aa71ff27fc2769a1b78a27578f13a17b -> 
  custom:container-demuxer-webm: 4f35f7cbe854078d1ac9338744f61a02 -> 
  custom:container-demuxer-ogg: 62fdf1f143b41e24485cea50d1cbac27 -> 
  custom:video-encoder-webm-vp8: eb34c28f22e8b96e1ab97ce403110664 -> 
  custom:video-decoder-webm-vp8: 9c59270c3fd7afecdb556c50c9e8de78 -> 
  custom:audio-decoder-ogg-vorbis: bf7c407c2cedff20999df2af8eb42d56 -> 
  custom:audio-encoder-webm-vorbis: bf7c407c2cedff20999df2af8eb42d56 -> 
========================================================================
Received Import Request.
  Time since last request: 93.688141 seconds.
  path: Assets/Prefabs/Clouds.prefab
  artifactKey: Guid(37046447b31ab544982e7229e9116148) Importer(815301076,1909f56bfc062723c751e8b465ee728b)
Start importing Assets/Prefabs/Clouds.prefab using Guid(37046447b31ab544982e7229e9116148) Importer(815301076,1909f56bfc062723c751e8b465ee728b)  -> (artifact id: '43f95f5b54db2c4cfbb348e7fd5eb40d') in 0.202650 seconds 
========================================================================
Received Import Request.
  Time since last request: 19.675486 seconds.
  path: Assets/Prefabs/Clouds.prefab
  artifactKey: Guid(37046447b31ab544982e7229e9116148) Importer(815301076,1909f56bfc062723c751e8b465ee728b)
Start importing Assets/Prefabs/Clouds.prefab using Guid(37046447b31ab544982e7229e9116148) Importer(815301076,1909f56bfc062723c751e8b465ee728b)  -> (artifact id: '76e1f8dee7babb515bdf5c63fa3fa703') in 0.112771 seconds 
========================================================================
Received Import Request.
  Time since last request: 5.327183 seconds.
  path: Assets/Prefabs/Clouds.prefab
  artifactKey: Guid(37046447b31ab544982e7229e9116148) Importer(815301076,1909f56bfc062723c751e8b465ee728b)
Start importing Assets/Prefabs/Clouds.prefab using Guid(37046447b31ab544982e7229e9116148) Importer(815301076,1909f56bfc062723c751e8b465ee728b)  -> (artifact id: '724779955383509040551331ed4367cf') in 0.104659 seconds 
========================================================================
Received Import Request.
  Time since last request: 13.776877 seconds.
  path: Assets/Prefabs/Clouds.prefab
  artifactKey: Guid(37046447b31ab544982e7229e9116148) Importer(815301076,1909f56bfc062723c751e8b465ee728b)
Start importing Assets/Prefabs/Clouds.prefab using Guid(37046447b31ab544982e7229e9116148) Importer(815301076,1909f56bfc062723c751e8b465ee728b)  -> (artifact id: 'a6d0cf82317548a759b06f0f7b8afa94') in 0.100153 seconds 
========================================================================
Received Import Request.
  Time since last request: 24.297882 seconds.
  path: Assets/Prefabs/Clouds.prefab
  artifactKey: Guid(37046447b31ab544982e7229e9116148) Importer(815301076,1909f56bfc062723c751e8b465ee728b)
Start importing Assets/Prefabs/Clouds.prefab using Guid(37046447b31ab544982e7229e9116148) Importer(815301076,1909f56bfc062723c751e8b465ee728b)  -> (artifact id: 'ab9fee28716c345ece5c76e4d6b84c9d') in 0.099044 seconds 
========================================================================
Received Import Request.
  Time since last request: 42.166080 seconds.
  path: Assets/Prefabs/Clouds.prefab
  artifactKey: Guid(37046447b31ab544982e7229e9116148) Importer(815301076,1909f56bfc062723c751e8b465ee728b)
Start importing Assets/Prefabs/Clouds.prefab using Guid(37046447b31ab544982e7229e9116148) Importer(815301076,1909f56bfc062723c751e8b465ee728b)  -> (artifact id: '6de166af27a1eca68fe75efe6f73af11') in 0.132485 seconds 
========================================================================
Received Import Request.
  Time since last request: 31.139119 seconds.
  path: Assets/Prefabs/Clouds.prefab
  artifactKey: Guid(37046447b31ab544982e7229e9116148) Importer(815301076,1909f56bfc062723c751e8b465ee728b)
Start importing Assets/Prefabs/Clouds.prefab using Guid(37046447b31ab544982e7229e9116148) Importer(815301076,1909f56bfc062723c751e8b465ee728b)  -> (artifact id: 'dcba5c1f2ae8c5b70c9c8b460e7d34f2') in 0.084639 seconds 
========================================================================
Received Import Request.
  Time since last request: 41.356816 seconds.
  path: Assets/Prefabs/Clouds.prefab
  artifactKey: Guid(37046447b31ab544982e7229e9116148) Importer(815301076,1909f56bfc062723c751e8b465ee728b)
Start importing Assets/Prefabs/Clouds.prefab using Guid(37046447b31ab544982e7229e9116148) Importer(815301076,1909f56bfc062723c751e8b465ee728b)  -> (artifact id: '4273ff37964485f8cc8d3f0c17274948') in 0.106247 seconds 
========================================================================
Received Import Request.
  Time since last request: 74.628209 seconds.
  path: Assets/Prefabs/Clouds.prefab
  artifactKey: Guid(37046447b31ab544982e7229e9116148) Importer(815301076,1909f56bfc062723c751e8b465ee728b)
Start importing Assets/Prefabs/Clouds.prefab using Guid(37046447b31ab544982e7229e9116148) Importer(815301076,1909f56bfc062723c751e8b465ee728b)  -> (artifact id: '6aeeebe32b49387673ecb904b67ad345') in 0.225907 seconds 
========================================================================
Received Prepare
Registering precompiled user dll's ...
Registered in 0.017110 seconds.
Begin MonoManager ReloadAssembly
Symbol file LoadedFromMemory doesn't match image E:\Georg HDD Backup\Level 6\6.2\Semester 1\Programming for Computer Graphics\Assignment\PCG_Assignment\Library\PackageCache\com.unity.visualscripting@1.6.1\Editor\VisualScripting.Core\Dependencies\YamlDotNet\Unity.VisualScripting.YamlDotNet.dll
Symbol file LoadedFromMemory doesn't match image E:\Georg HDD Backup\Level 6\6.2\Semester 1\Programming for Computer Graphics\Assignment\PCG_Assignment\Library\PackageCache\com.unity.visualscripting@1.6.1\Editor\VisualScripting.Core\Dependencies\DotNetZip\Unity.VisualScripting.IonicZip.dll
Native extension for WindowsStandalone target not found
Native extension for OSXStandalone target not found
Refreshing native plugins compatible for Editor in 2.13 ms, found 3 plugins.
Preloading 0 native plugins for Editor in 0.00 ms.
Mono: successfully reloaded assembly
- Completed reload, in  4.438 seconds
Domain Reload Profiling:
	ReloadAssembly (4439ms)
		BeginReloadAssembly (452ms)
			ExecutionOrderSort (0ms)
			DisableScriptedObjects (17ms)
			BackupInstance (0ms)
			ReleaseScriptingObjects (0ms)
			CreateAndSetChildDomain (151ms)
		EndReloadAssembly (3761ms)
			LoadAssemblies (377ms)
			RebuildTransferFunctionScriptingTraits (0ms)
			SetupTypeCache (1423ms)
			ReleaseScriptCaches (3ms)
			RebuildScriptCaches (187ms)
			SetupLoadedEditorAssemblies (1244ms)
				LogAssemblyErrors (0ms)
				InitializePlatformSupportModulesInManaged (24ms)
				SetLoadedEditorAssemblies (1ms)
				RefreshPlugins (2ms)
				BeforeProcessingInitializeOnLoad (179ms)
				ProcessInitializeOnLoadAttributes (990ms)
				ProcessInitializeOnLoadMethodAttributes (22ms)
				AfterProcessingInitializeOnLoad (24ms)
				EditorAssembliesLoaded (1ms)
			ExecutionOrderSort2 (0ms)
			AwakeInstancesAfterBackupRestoration (31ms)
Platform modules already initialized, skipping
Refreshing native plugins compatible for Editor in 1.18 ms, found 3 plugins.
Preloading 0 native plugins for Editor in 0.00 ms.
Unloading 2989 Unused Serialized files (Serialized files now loaded: 0)
System memory in use before: 134.3 MB.
System memory in use after: 134.5 MB.

Unloading 17 unused Assets to reduce memory usage. Loaded Objects now: 3502.
Total: 6.600200 ms (FindLiveObjects: 0.421200 ms CreateObjectMapping: 0.166500 ms MarkObjects: 5.929100 ms  DeleteObjects: 0.081100 ms)

AssetImportParameters requested are different than current active one (requested -> active):
  custom:framework-win-MediaFoundation: 216162199b28c13a410421893ffa2e32 -> 
  custom:video-decoder-ogg-theora: a1e56fd34408186e4bbccfd4996cb3dc -> 
  custom:container-muxer-webm: aa71ff27fc2769a1b78a27578f13a17b -> 
  custom:container-demuxer-webm: 4f35f7cbe854078d1ac9338744f61a02 -> 
  custom:container-demuxer-ogg: 62fdf1f143b41e24485cea50d1cbac27 -> 
  custom:video-encoder-webm-vp8: eb34c28f22e8b96e1ab97ce403110664 -> 
  custom:video-decoder-webm-vp8: 9c59270c3fd7afecdb556c50c9e8de78 -> 
  custom:audio-decoder-ogg-vorbis: bf7c407c2cedff20999df2af8eb42d56 -> 
  custom:audio-encoder-webm-vorbis: bf7c407c2cedff20999df2af8eb42d56 -> 
========================================================================
Received Import Request.
  Time since last request: 369.463459 seconds.
  path: Assets/Prefabs/Clouds.prefab
  artifactKey: Guid(37046447b31ab544982e7229e9116148) Importer(815301076,1909f56bfc062723c751e8b465ee728b)
Start importing Assets/Prefabs/Clouds.prefab using Guid(37046447b31ab544982e7229e9116148) Importer(815301076,1909f56bfc062723c751e8b465ee728b)  -> (artifact id: 'f1f94bfb04a4f3a8a62e4da4c7059768') in 0.258798 seconds 
========================================================================
Received Import Request.
  Time since last request: 25.908416 seconds.
  path: Assets/Prefabs/Clouds.prefab
  artifactKey: Guid(37046447b31ab544982e7229e9116148) Importer(815301076,1909f56bfc062723c751e8b465ee728b)
Start importing Assets/Prefabs/Clouds.prefab using Guid(37046447b31ab544982e7229e9116148) Importer(815301076,1909f56bfc062723c751e8b465ee728b)  -> (artifact id: '11951d0e1286e174540ad1d7ee1eb17e') in 0.119970 seconds 
========================================================================
Received Import Request.
  Time since last request: 7.506032 seconds.
  path: Assets/Prefabs/Clouds.prefab
  artifactKey: Guid(37046447b31ab544982e7229e9116148) Importer(815301076,1909f56bfc062723c751e8b465ee728b)
Start importing Assets/Prefabs/Clouds.prefab using Guid(37046447b31ab544982e7229e9116148) Importer(815301076,1909f56bfc062723c751e8b465ee728b)  -> (artifact id: 'd4eed0d5bb949a4b0e0f8fc6355589a1') in 0.106679 seconds 
========================================================================
Received Import Request.
  Time since last request: 0.201113 seconds.
  path: Assets/Prefabs/Clouds.prefab
  artifactKey: Guid(37046447b31ab544982e7229e9116148) Importer(815301076,1909f56bfc062723c751e8b465ee728b)
Start importing Assets/Prefabs/Clouds.prefab using Guid(37046447b31ab544982e7229e9116148) Importer(815301076,1909f56bfc062723c751e8b465ee728b)  -> (artifact id: '95829c63229ea814ee1456beb0d40656') in 0.108438 seconds 
========================================================================
Received Import Request.
  Time since last request: 19.400462 seconds.
  path: Assets/Prefabs/Clouds.prefab
  artifactKey: Guid(37046447b31ab544982e7229e9116148) Importer(815301076,1909f56bfc062723c751e8b465ee728b)
Start importing Assets/Prefabs/Clouds.prefab using Guid(37046447b31ab544982e7229e9116148) Importer(815301076,1909f56bfc062723c751e8b465ee728b)  -> (artifact id: '708e2bad855951d740d9e6749e2a2cdf') in 0.088434 seconds 
========================================================================
Received Import Request.
  Time since last request: 46.196667 seconds.
  path: Assets/Prefabs/Clouds.prefab
  artifactKey: Guid(37046447b31ab544982e7229e9116148) Importer(815301076,1909f56bfc062723c751e8b465ee728b)
Start importing Assets/Prefabs/Clouds.prefab using Guid(37046447b31ab544982e7229e9116148) Importer(815301076,1909f56bfc062723c751e8b465ee728b)  -> (artifact id: '3b00dddbb13ab5aa24781a17d4b88b96') in 0.162550 seconds 
========================================================================
Received Import Request.
  Time since last request: 18.840536 seconds.
  path: Assets/Prefabs/Clouds.prefab
  artifactKey: Guid(37046447b31ab544982e7229e9116148) Importer(815301076,1909f56bfc062723c751e8b465ee728b)
Start importing Assets/Prefabs/Clouds.prefab using Guid(37046447b31ab544982e7229e9116148) Importer(815301076,1909f56bfc062723c751e8b465ee728b)  -> (artifact id: 'e2ea4fceb957d1ca2780c6f4bbc2fa75') in 0.115030 seconds 
========================================================================
Received Import Request.
  Time since last request: 16.768141 seconds.
  path: Assets/Prefabs/Clouds.prefab
  artifactKey: Guid(37046447b31ab544982e7229e9116148) Importer(815301076,1909f56bfc062723c751e8b465ee728b)
Start importing Assets/Prefabs/Clouds.prefab using Guid(37046447b31ab544982e7229e9116148) Importer(815301076,1909f56bfc062723c751e8b465ee728b)  -> (artifact id: '8ac6ae7ce18263c91d958a12044795cc') in 0.098835 seconds 
========================================================================
Received Import Request.
  Time since last request: 42.202965 seconds.
  path: Assets/Prefabs/Clouds.prefab
  artifactKey: Guid(37046447b31ab544982e7229e9116148) Importer(815301076,1909f56bfc062723c751e8b465ee728b)
Start importing Assets/Prefabs/Clouds.prefab using Guid(37046447b31ab544982e7229e9116148) Importer(815301076,1909f56bfc062723c751e8b465ee728b)  -> (artifact id: 'c39505e281e32ebb16eba370139e453c') in 0.209098 seconds 
========================================================================
Received Import Request.
  Time since last request: 30.849417 seconds.
  path: Assets/Prefabs/Clouds.prefab
  artifactKey: Guid(37046447b31ab544982e7229e9116148) Importer(815301076,1909f56bfc062723c751e8b465ee728b)
Start importing Assets/Prefabs/Clouds.prefab using Guid(37046447b31ab544982e7229e9116148) Importer(815301076,1909f56bfc062723c751e8b465ee728b)  -> (artifact id: '74c447d5dd88bad96b7db8da2b6f37e6') in 0.142244 seconds 
========================================================================
Received Import Request.
  Time since last request: 56.641777 seconds.
  path: Assets/Prefabs/Clouds.prefab
  artifactKey: Guid(37046447b31ab544982e7229e9116148) Importer(815301076,1909f56bfc062723c751e8b465ee728b)
Start importing Assets/Prefabs/Clouds.prefab using Guid(37046447b31ab544982e7229e9116148) Importer(815301076,1909f56bfc062723c751e8b465ee728b)  -> (artifact id: '7c8a22c7f07e22424e0a6775817098fb') in 0.093600 seconds 
========================================================================
Received Import Request.
  Time since last request: 10.994104 seconds.
  path: Assets/Prefabs/Clouds.prefab
  artifactKey: Guid(37046447b31ab544982e7229e9116148) Importer(815301076,1909f56bfc062723c751e8b465ee728b)
Start importing Assets/Prefabs/Clouds.prefab using Guid(37046447b31ab544982e7229e9116148) Importer(815301076,1909f56bfc062723c751e8b465ee728b)  -> (artifact id: '48b7582ea7263e959fa0a84e41c73d65') in 0.101413 seconds 
========================================================================
Received Import Request.
  Time since last request: 38.515644 seconds.
  path: Assets/Prefabs/Clouds.prefab
  artifactKey: Guid(37046447b31ab544982e7229e9116148) Importer(815301076,1909f56bfc062723c751e8b465ee728b)
Start importing Assets/Prefabs/Clouds.prefab using Guid(37046447b31ab544982e7229e9116148) Importer(815301076,1909f56bfc062723c751e8b465ee728b)  -> (artifact id: '8d3e0f61d08f16ea02ae3584159d3882') in 0.102338 seconds 
========================================================================
Received Import Request.
  Time since last request: 19.649389 seconds.
  path: Assets/Prefabs/Clouds.prefab
  artifactKey: Guid(37046447b31ab544982e7229e9116148) Importer(815301076,1909f56bfc062723c751e8b465ee728b)
Start importing Assets/Prefabs/Clouds.prefab using Guid(37046447b31ab544982e7229e9116148) Importer(815301076,1909f56bfc062723c751e8b465ee728b)  -> (artifact id: '336d05b4e49e788841b35caa2920d40e') in 0.119377 seconds 
========================================================================
Received Import Request.
  Time since last request: 36.115673 seconds.
  path: Assets/Prefabs/Clouds.prefab
  artifactKey: Guid(37046447b31ab544982e7229e9116148) Importer(815301076,1909f56bfc062723c751e8b465ee728b)
Start importing Assets/Prefabs/Clouds.prefab using Guid(37046447b31ab544982e7229e9116148) Importer(815301076,1909f56bfc062723c751e8b465ee728b)  -> (artifact id: '165caf3a8c33b9b8030bfe23c2ebaf79') in 0.116626 seconds 
========================================================================
Received Import Request.
  Time since last request: 19.108702 seconds.
  path: Assets/Prefabs/Clouds.prefab
  artifactKey: Guid(37046447b31ab544982e7229e9116148) Importer(815301076,1909f56bfc062723c751e8b465ee728b)
Start importing Assets/Prefabs/Clouds.prefab using Guid(37046447b31ab544982e7229e9116148) Importer(815301076,1909f56bfc062723c751e8b465ee728b)  -> (artifact id: '090f9b7bc7e70a06a0858808abc210e2') in 0.092415 seconds 
========================================================================
Received Import Request.
  Time since last request: 9.847896 seconds.
  path: Assets/Prefabs/Clouds.prefab
  artifactKey: Guid(37046447b31ab544982e7229e9116148) Importer(815301076,1909f56bfc062723c751e8b465ee728b)
Start importing Assets/Prefabs/Clouds.prefab using Guid(37046447b31ab544982e7229e9116148) Importer(815301076,1909f56bfc062723c751e8b465ee728b)  -> (artifact id: 'd3d88e89fad2699e1f73ca1c13c6fa57') in 0.969114 seconds 
========================================================================
Received Import Request.
  Time since last request: 2.954740 seconds.
  path: Assets/Prefabs/Clouds.prefab
  artifactKey: Guid(37046447b31ab544982e7229e9116148) Importer(815301076,1909f56bfc062723c751e8b465ee728b)
Start importing Assets/Prefabs/Clouds.prefab using Guid(37046447b31ab544982e7229e9116148) Importer(815301076,1909f56bfc062723c751e8b465ee728b)  -> (artifact id: '6b8fcbe6d117194fbba43257f18497b1') in 0.106643 seconds 
========================================================================
Received Import Request.
  Time since last request: 0.645196 seconds.
  path: Assets/Prefabs/Clouds.prefab
  artifactKey: Guid(37046447b31ab544982e7229e9116148) Importer(815301076,1909f56bfc062723c751e8b465ee728b)
Start importing Assets/Prefabs/Clouds.prefab using Guid(37046447b31ab544982e7229e9116148) Importer(815301076,1909f56bfc062723c751e8b465ee728b)  -> (artifact id: '85bb5854614c4ca8a3093fcd5dcf5b55') in 0.096047 seconds 
========================================================================
Received Import Request.
  Time since last request: 3.172479 seconds.
  path: Assets/Prefabs/Clouds.prefab
  artifactKey: Guid(37046447b31ab544982e7229e9116148) Importer(815301076,1909f56bfc062723c751e8b465ee728b)
Start importing Assets/Prefabs/Clouds.prefab using Guid(37046447b31ab544982e7229e9116148) Importer(815301076,1909f56bfc062723c751e8b465ee728b)  -> (artifact id: 'f9dde5d02c682681870d368abafb71aa') in 0.644121 seconds 
========================================================================
Received Import Request.
  Time since last request: 10.472611 seconds.
  path: Assets/Prefabs/Clouds.prefab
  artifactKey: Guid(37046447b31ab544982e7229e9116148) Importer(815301076,1909f56bfc062723c751e8b465ee728b)
Start importing Assets/Prefabs/Clouds.prefab using Guid(37046447b31ab544982e7229e9116148) Importer(815301076,1909f56bfc062723c751e8b465ee728b)  -> (artifact id: '27f484bb2b98024380be59c44ee4bc84') in 0.433168 seconds 
========================================================================
Received Import Request.
  Time since last request: 6.105048 seconds.
  path: Assets/Prefabs/Clouds.prefab
  artifactKey: Guid(37046447b31ab544982e7229e9116148) Importer(815301076,1909f56bfc062723c751e8b465ee728b)
Start importing Assets/Prefabs/Clouds.prefab using Guid(37046447b31ab544982e7229e9116148) Importer(815301076,1909f56bfc062723c751e8b465ee728b)  -> (artifact id: '47cb3dcddd0a698e86705e37f40e88a7') in 0.821865 seconds 
========================================================================
Received Import Request.
  Time since last request: 3.324317 seconds.
  path: Assets/Prefabs/Clouds.prefab
  artifactKey: Guid(37046447b31ab544982e7229e9116148) Importer(815301076,1909f56bfc062723c751e8b465ee728b)
Start importing Assets/Prefabs/Clouds.prefab using Guid(37046447b31ab544982e7229e9116148) Importer(815301076,1909f56bfc062723c751e8b465ee728b)  -> (artifact id: '38292ceb61d4c7545602e020f7c84c6f') in 1.042867 seconds 
========================================================================
Received Import Request.
  Time since last request: 25.473934 seconds.
  path: Assets/Prefabs/Clouds.prefab
  artifactKey: Guid(37046447b31ab544982e7229e9116148) Importer(815301076,1909f56bfc062723c751e8b465ee728b)
Start importing Assets/Prefabs/Clouds.prefab using Guid(37046447b31ab544982e7229e9116148) Importer(815301076,1909f56bfc062723c751e8b465ee728b)  -> (artifact id: 'be13d6ba6a94109825619b7d204305d7') in 0.088402 seconds 
========================================================================
Received Import Request.
  Time since last request: 17.334919 seconds.
  path: Assets/Prefabs/Clouds.prefab
  artifactKey: Guid(37046447b31ab544982e7229e9116148) Importer(815301076,1909f56bfc062723c751e8b465ee728b)
Start importing Assets/Prefabs/Clouds.prefab using Guid(37046447b31ab544982e7229e9116148) Importer(815301076,1909f56bfc062723c751e8b465ee728b)  -> (artifact id: '61327ac48cca871cf6e192d3385240d6') in 0.101386 seconds 
========================================================================
Received Prepare
Registering precompiled user dll's ...
Registered in 0.100880 seconds.
Begin MonoManager ReloadAssembly
Symbol file LoadedFromMemory doesn't match image E:\Georg HDD Backup\Level 6\6.2\Semester 1\Programming for Computer Graphics\Assignment\PCG_Assignment\Library\PackageCache\com.unity.visualscripting@1.6.1\Editor\VisualScripting.Core\Dependencies\YamlDotNet\Unity.VisualScripting.YamlDotNet.dll
Symbol file LoadedFromMemory doesn't match image E:\Georg HDD Backup\Level 6\6.2\Semester 1\Programming for Computer Graphics\Assignment\PCG_Assignment\Library\PackageCache\com.unity.visualscripting@1.6.1\Editor\VisualScripting.Core\Dependencies\DotNetZip\Unity.VisualScripting.IonicZip.dll
Native extension for WindowsStandalone target not found
Native extension for OSXStandalone target not found
Refreshing native plugins compatible for Editor in 1.82 ms, found 3 plugins.
Preloading 0 native plugins for Editor in 0.00 ms.
Mono: successfully reloaded assembly
- Completed reload, in  3.433 seconds
Domain Reload Profiling:
	ReloadAssembly (3434ms)
		BeginReloadAssembly (380ms)
			ExecutionOrderSort (0ms)
			DisableScriptedObjects (17ms)
			BackupInstance (0ms)
			ReleaseScriptingObjects (0ms)
			CreateAndSetChildDomain (122ms)
		EndReloadAssembly (2847ms)
			LoadAssemblies (304ms)
			RebuildTransferFunctionScriptingTraits (0ms)
			SetupTypeCache (1151ms)
			ReleaseScriptCaches (5ms)
			RebuildScriptCaches (142ms)
			SetupLoadedEditorAssemblies (974ms)
				LogAssemblyErrors (0ms)
				InitializePlatformSupportModulesInManaged (18ms)
				SetLoadedEditorAssemblies (1ms)
				RefreshPlugins (2ms)
				BeforeProcessingInitializeOnLoad (145ms)
				ProcessInitializeOnLoadAttributes (773ms)
				ProcessInitializeOnLoadMethodAttributes (15ms)
				AfterProcessingInitializeOnLoad (19ms)
				EditorAssembliesLoaded (1ms)
			ExecutionOrderSort2 (0ms)
			AwakeInstancesAfterBackupRestoration (29ms)
Platform modules already initialized, skipping
Refreshing native plugins compatible for Editor in 1.03 ms, found 3 plugins.
Preloading 0 native plugins for Editor in 0.00 ms.
Unloading 2989 Unused Serialized files (Serialized files now loaded: 0)
System memory in use before: 134.3 MB.
System memory in use after: 134.6 MB.

Unloading 17 unused Assets to reduce memory usage. Loaded Objects now: 3505.
Total: 7.509500 ms (FindLiveObjects: 0.487300 ms CreateObjectMapping: 0.199800 ms MarkObjects: 6.740800 ms  DeleteObjects: 0.079000 ms)

AssetImportParameters requested are different than current active one (requested -> active):
  custom:framework-win-MediaFoundation: 216162199b28c13a410421893ffa2e32 -> 
  custom:video-decoder-ogg-theora: a1e56fd34408186e4bbccfd4996cb3dc -> 
  custom:container-muxer-webm: aa71ff27fc2769a1b78a27578f13a17b -> 
  custom:container-demuxer-webm: 4f35f7cbe854078d1ac9338744f61a02 -> 
  custom:container-demuxer-ogg: 62fdf1f143b41e24485cea50d1cbac27 -> 
  custom:video-encoder-webm-vp8: eb34c28f22e8b96e1ab97ce403110664 -> 
  custom:video-decoder-webm-vp8: 9c59270c3fd7afecdb556c50c9e8de78 -> 
  custom:audio-decoder-ogg-vorbis: bf7c407c2cedff20999df2af8eb42d56 -> 
  custom:audio-encoder-webm-vorbis: bf7c407c2cedff20999df2af8eb42d56 -> 
========================================================================
Received Import Request.
  Time since last request: 73.211521 seconds.
  path: Assets/Prefabs/Clouds.prefab
  artifactKey: Guid(37046447b31ab544982e7229e9116148) Importer(815301076,1909f56bfc062723c751e8b465ee728b)
Start importing Assets/Prefabs/Clouds.prefab using Guid(37046447b31ab544982e7229e9116148) Importer(815301076,1909f56bfc062723c751e8b465ee728b)  -> (artifact id: '11f1481ad41780db6ab30ce90c884624') in 0.681289 seconds 
========================================================================
Received Prepare
Registering precompiled user dll's ...
Registered in 0.011807 seconds.
Begin MonoManager ReloadAssembly
Symbol file LoadedFromMemory doesn't match image E:\Georg HDD Backup\Level 6\6.2\Semester 1\Programming for Computer Graphics\Assignment\PCG_Assignment\Library\PackageCache\com.unity.visualscripting@1.6.1\Editor\VisualScripting.Core\Dependencies\YamlDotNet\Unity.VisualScripting.YamlDotNet.dll
Symbol file LoadedFromMemory doesn't match image E:\Georg HDD Backup\Level 6\6.2\Semester 1\Programming for Computer Graphics\Assignment\PCG_Assignment\Library\PackageCache\com.unity.visualscripting@1.6.1\Editor\VisualScripting.Core\Dependencies\DotNetZip\Unity.VisualScripting.IonicZip.dll
Native extension for WindowsStandalone target not found
Native extension for OSXStandalone target not found
Refreshing native plugins compatible for Editor in 1.84 ms, found 3 plugins.
Preloading 0 native plugins for Editor in 0.00 ms.
Mono: successfully reloaded assembly
- Completed reload, in  3.952 seconds
Domain Reload Profiling:
	ReloadAssembly (3954ms)
		BeginReloadAssembly (419ms)
			ExecutionOrderSort (0ms)
			DisableScriptedObjects (16ms)
			BackupInstance (0ms)
			ReleaseScriptingObjects (0ms)
			CreateAndSetChildDomain (136ms)
		EndReloadAssembly (3336ms)
			LoadAssemblies (333ms)
			RebuildTransferFunctionScriptingTraits (0ms)
			SetupTypeCache (1280ms)
			ReleaseScriptCaches (4ms)
			RebuildScriptCaches (186ms)
			SetupLoadedEditorAssemblies (1180ms)
				LogAssemblyErrors (0ms)
				InitializePlatformSupportModulesInManaged (23ms)
				SetLoadedEditorAssemblies (2ms)
				RefreshPlugins (2ms)
				BeforeProcessingInitializeOnLoad (203ms)
				ProcessInitializeOnLoadAttributes (899ms)
				ProcessInitializeOnLoadMethodAttributes (19ms)
				AfterProcessingInitializeOnLoad (30ms)
				EditorAssembliesLoaded (1ms)
			ExecutionOrderSort2 (0ms)
			AwakeInstancesAfterBackupRestoration (30ms)
Platform modules already initialized, skipping
Refreshing native plugins compatible for Editor in 2.63 ms, found 3 plugins.
Preloading 0 native plugins for Editor in 0.00 ms.
Unloading 2989 Unused Serialized files (Serialized files now loaded: 0)
System memory in use before: 134.3 MB.
System memory in use after: 134.6 MB.

Unloading 17 unused Assets to reduce memory usage. Loaded Objects now: 3508.
Total: 11.114900 ms (FindLiveObjects: 0.531600 ms CreateObjectMapping: 0.249100 ms MarkObjects: 10.236400 ms  DeleteObjects: 0.094500 ms)

AssetImportParameters requested are different than current active one (requested -> active):
  custom:framework-win-MediaFoundation: 216162199b28c13a410421893ffa2e32 -> 
  custom:video-decoder-ogg-theora: a1e56fd34408186e4bbccfd4996cb3dc -> 
  custom:container-muxer-webm: aa71ff27fc2769a1b78a27578f13a17b -> 
  custom:container-demuxer-webm: 4f35f7cbe854078d1ac9338744f61a02 -> 
  custom:container-demuxer-ogg: 62fdf1f143b41e24485cea50d1cbac27 -> 
  custom:video-encoder-webm-vp8: eb34c28f22e8b96e1ab97ce403110664 -> 
  custom:video-decoder-webm-vp8: 9c59270c3fd7afecdb556c50c9e8de78 -> 
  custom:audio-decoder-ogg-vorbis: bf7c407c2cedff20999df2af8eb42d56 -> 
  custom:audio-encoder-webm-vorbis: bf7c407c2cedff20999df2af8eb42d56 -> 
